*** Transformation "Default" of "MarkAndGo" started at Jun 19 16:55:29

Transformation Module States:
-----------------------------

Initialize Module "Convert to transformer action list" [standard transformation]
	Status : OK
Initialize Module "Execute transformer action list" [actionlist]
	Status : OK
Initialize Module "Execute transformer action list" [PVSCL Transformation Module]
	Status : OK
Run Module "Convert to transformer action list" [standard transformation]
	Status : OK
Run Module "Execute transformer action list" [actionlist]
	Status : OK
Run Module "Execute transformer action list" [PVSCL Transformation Module]
	Status : OK
Cleanup Module "Convert to transformer action list" [standard transformation]
	Status : OK
Cleanup Module "Execute transformer action list" [actionlist]
	Status : OK
Cleanup Module "Execute transformer action list" [PVSCL Transformation Module]
	Status : OK

*** Transformation "Default" of "MarkAndGo" finished at Jun 19 16:55:33

Transformation Module Logs:
---------------------------

